c:\users\sever\documents\projekte\echtzeit_flugbahnberechnung\flugbahnberechnung\x64\release\vc141.pdb
c:\users\sever\documents\projekte\echtzeit_flugbahnberechnung\flugbahnberechnung\x64\release\main.obj
c:\users\sever\documents\projekte\echtzeit_flugbahnberechnung\flugbahnberechnung\x64\release\globalobjects.obj
c:\users\sever\documents\projekte\echtzeit_flugbahnberechnung\flugbahnberechnung\x64\release\frm_main.obj
c:\users\sever\documents\projekte\echtzeit_flugbahnberechnung\flugbahnberechnung\x64\release\camera_managed.obj
c:\users\sever\documents\projekte\echtzeit_flugbahnberechnung\flugbahnberechnung\x64\release\frm_objectcalibration.obj
c:\users\sever\documents\projekte\echtzeit_flugbahnberechnung\flugbahnberechnung\x64\release\frm_cameracalibration_stereo.obj
c:\users\sever\documents\projekte\echtzeit_flugbahnberechnung\flugbahnberechnung\x64\release\frm_cameracalibration_single.obj
c:\users\sever\documents\projekte\echtzeit_flugbahnberechnung\flugbahnberechnung\x64\release\frm_cameracalibration_menu.obj
c:\users\sever\documents\projekte\echtzeit_flugbahnberechnung\flugbahnberechnung\x64\release\app_main.obj
c:\users\sever\documents\projekte\echtzeit_flugbahnberechnung\flugbahnberechnung\x64\release\.netframework,version=v4.7.assemblyattributes.obj
c:\users\sever\documents\projekte\echtzeit_flugbahnberechnung\flugbahnberechnung\x64\release\.netframework,version=v4.7.assemblyattributes.asm
c:\users\sever\documents\projekte\echtzeit_flugbahnberechnung\flugbahnberechnung\x64\release\opencv_unmanaged.obj
c:\users\sever\documents\projekte\echtzeit_flugbahnberechnung\flugbahnberechnung\x64\release\camera_unmanaged.obj
c:\users\sever\documents\projekte\echtzeit_flugbahnberechnung\flugbahnberechnung\x64\release\flugbahnberechnung.frm_cameracalibration_menu.resources
c:\users\sever\documents\projekte\echtzeit_flugbahnberechnung\flugbahnberechnung\x64\release\flugbahnberechnung.frm_cameracalibration_single.resources
c:\users\sever\documents\projekte\echtzeit_flugbahnberechnung\flugbahnberechnung\x64\release\flugbahnberechnung.frm_main.resources
c:\users\sever\documents\projekte\echtzeit_flugbahnberechnung\flugbahnberechnung\x64\release\flugbahnberechnung.frm_objectcalibration.resources
c:\users\sever\documents\projekte\echtzeit_flugbahnberechnung\x64\release\flugbahntracker.exe
c:\users\sever\documents\projekte\echtzeit_flugbahnberechnung\x64\release\flugbahntracker.pdb
c:\users\sever\documents\projekte\echtzeit_flugbahnberechnung\flugbahnberechnung\x64\release\flugbahnberechnung.vcxproj.generateresource.cache
c:\users\sever\documents\projekte\echtzeit_flugbahnberechnung\flugbahnberechnung\x64\release\flugbahnberechnung.vcxprojassemblyreference.cache
c:\users\sever\documents\projekte\echtzeit_flugbahnberechnung\flugbahnberechnung\x64\release\flugbahntracker.tlog\cl.command.1.tlog
c:\users\sever\documents\projekte\echtzeit_flugbahnberechnung\flugbahnberechnung\x64\release\flugbahntracker.tlog\cl.read.1.tlog
c:\users\sever\documents\projekte\echtzeit_flugbahnberechnung\flugbahnberechnung\x64\release\flugbahntracker.tlog\cl.write.1.tlog
c:\users\sever\documents\projekte\echtzeit_flugbahnberechnung\flugbahnberechnung\x64\release\flugbahntracker.tlog\flugbahntracker.write.1u.tlog
c:\users\sever\documents\projekte\echtzeit_flugbahnberechnung\flugbahnberechnung\x64\release\flugbahntracker.tlog\link.command.1.tlog
c:\users\sever\documents\projekte\echtzeit_flugbahnberechnung\flugbahnberechnung\x64\release\flugbahntracker.tlog\link.read.1.tlog
c:\users\sever\documents\projekte\echtzeit_flugbahnberechnung\flugbahnberechnung\x64\release\flugbahntracker.tlog\link.write.1.tlog
c:\users\sever\documents\projekte\echtzeit_flugbahnberechnung\flugbahnberechnung\x64\release\flugbahntracker.tlog\metagen.read.1.tlog
c:\users\sever\documents\projekte\echtzeit_flugbahnberechnung\flugbahnberechnung\x64\release\flugbahntracker.tlog\metagen.write.1.tlog
