  App_Main.cpp
d:\projekte\visualstudio\flugbahnberechnung\flugbahnberechnung\main.h(86): warning C4677: 'camera_managed': signature of non-private member contains assembly private type 'nmsp_camera_managed::C_camera_managed'
  d:\projekte\visualstudio\flugbahnberechnung\flugbahnberechnung\camera_managed.h(13): note: see declaration of 'nmsp_camera_managed::C_camera_managed'
  Camera_managed.cpp
  Main.cpp
d:\projekte\visualstudio\flugbahnberechnung\flugbahnberechnung\main.h(86): warning C4677: 'camera_managed': signature of non-private member contains assembly private type 'nmsp_camera_managed::C_camera_managed'
  d:\projekte\visualstudio\flugbahnberechnung\flugbahnberechnung\camera_managed.h(13): note: see declaration of 'nmsp_camera_managed::C_camera_managed'
  frm_Camera_Calibration.cpp
d:\projekte\visualstudio\flugbahnberechnung\flugbahnberechnung\main.h(86): warning C4677: 'camera_managed': signature of non-private member contains assembly private type 'nmsp_camera_managed::C_camera_managed'
  d:\projekte\visualstudio\flugbahnberechnung\flugbahnberechnung\camera_managed.h(13): note: see declaration of 'nmsp_camera_managed::C_camera_managed'
d:\projekte\visualstudio\flugbahnberechnung\flugbahnberechnung\frm_camera_calibration.cpp(84): warning C4018: '>': signed/unsigned mismatch
d:\projekte\visualstudio\flugbahnberechnung\flugbahnberechnung\frm_camera_calibration.cpp(136): warning C4267: 'initializing': conversion from 'size_t' to 'int', possible loss of data
  frm_Camera_Calibration_crop.cpp
d:\projekte\visualstudio\flugbahnberechnung\flugbahnberechnung\main.h(86): warning C4677: 'camera_managed': signature of non-private member contains assembly private type 'nmsp_camera_managed::C_camera_managed'
  d:\projekte\visualstudio\flugbahnberechnung\flugbahnberechnung\camera_managed.h(13): note: see declaration of 'nmsp_camera_managed::C_camera_managed'
d:\projekte\visualstudio\flugbahnberechnung\flugbahnberechnung\frm_camera_calibration_crop.cpp(31): warning C4018: '>': signed/unsigned mismatch
d:\projekte\visualstudio\flugbahnberechnung\flugbahnberechnung\frm_camera_calibration_crop.cpp(90): warning C4267: 'initializing': conversion from 'size_t' to 'int', possible loss of data
d:\projekte\visualstudio\flugbahnberechnung\flugbahnberechnung\frm_camera_calibration_crop.cpp(101): warning C4267: 'initializing': conversion from 'size_t' to 'int', possible loss of data
  frm_Camera_Positioning.cpp
d:\projekte\visualstudio\flugbahnberechnung\flugbahnberechnung\main.h(86): warning C4677: 'camera_managed': signature of non-private member contains assembly private type 'nmsp_camera_managed::C_camera_managed'
  d:\projekte\visualstudio\flugbahnberechnung\flugbahnberechnung\camera_managed.h(13): note: see declaration of 'nmsp_camera_managed::C_camera_managed'
d:\projekte\visualstudio\flugbahnberechnung\flugbahnberechnung\frm_camera_positioning.cpp(139): warning C4018: '<': signed/unsigned mismatch
d:\projekte\visualstudio\flugbahnberechnung\flugbahnberechnung\frm_camera_positioning.cpp(186): warning C4267: 'initializing': conversion from 'size_t' to 'int', possible loss of data
  frm_Main.cpp
d:\projekte\visualstudio\flugbahnberechnung\flugbahnberechnung\main.h(86): warning C4677: 'camera_managed': signature of non-private member contains assembly private type 'nmsp_camera_managed::C_camera_managed'
  d:\projekte\visualstudio\flugbahnberechnung\flugbahnberechnung\camera_managed.h(13): note: see declaration of 'nmsp_camera_managed::C_camera_managed'
  frm_Object_Calibration.cpp
d:\projekte\visualstudio\flugbahnberechnung\flugbahnberechnung\main.h(86): warning C4677: 'camera_managed': signature of non-private member contains assembly private type 'nmsp_camera_managed::C_camera_managed'
  d:\projekte\visualstudio\flugbahnberechnung\flugbahnberechnung\camera_managed.h(13): note: see declaration of 'nmsp_camera_managed::C_camera_managed'
d:\projekte\visualstudio\flugbahnberechnung\flugbahnberechnung\frm_object_calibration.cpp(361): warning C4267: 'initializing': conversion from 'size_t' to 'int', possible loss of data
  frm_Object_Tracking.cpp
d:\projekte\visualstudio\flugbahnberechnung\flugbahnberechnung\main.h(86): warning C4677: 'camera_managed': signature of non-private member contains assembly private type 'nmsp_camera_managed::C_camera_managed'
  d:\projekte\visualstudio\flugbahnberechnung\flugbahnberechnung\camera_managed.h(13): note: see declaration of 'nmsp_camera_managed::C_camera_managed'
d:\projekte\visualstudio\flugbahnberechnung\flugbahnberechnung\frm_object_tracking.cpp(81): warning C4267: 'initializing': conversion from 'size_t' to 'int', possible loss of data
  Generating Code...
c:\libraries\opencv\4_2_0\install\include\opencv2\core\cuda.inl.hpp(105): warning C4793: 'cv::cuda::GpuMat::GpuMat': function compiled as native:
  	Found an intrinsic not supported in managed code
c:\libraries\opencv\4_2_0\install\include\opencv2\core\cuda.inl.hpp(395): warning C4793: 'cv::cuda::HostMem::HostMem': function compiled as native:
  	Found an intrinsic not supported in managed code
c:\libraries\opencv\4_2_0\install\include\opencv2\core\mat.inl.hpp(530): warning C4793: 'cv::Mat::Mat': function compiled as native:
  	Found an intrinsic not supported in managed code
c:\libraries\opencv\4_2_0\install\include\opencv2\core\mat.inl.hpp(850): warning C4793: 'cv::Mat::release': function compiled as native:
  	Found an intrinsic not supported in managed code
c:\libraries\opencv\4_2_0\install\include\opencv2\core\mat.inl.hpp(2181): warning C4793: 'cv::SparseMat::addref': function compiled as native:
  	Found an intrinsic not supported in managed code
c:\libraries\opencv\4_2_0\install\include\opencv2\core\mat.inl.hpp(3781): warning C4793: 'cv::UMat::addref': function compiled as native:
  	Found an intrinsic not supported in managed code
c:\libraries\opencv\4_2_0\install\include\opencv2\core\cuda.inl.hpp(105): warning C4793: 'cv::cuda::GpuMat::GpuMat': function compiled as native:
  	Found an intrinsic not supported in managed code
c:\libraries\opencv\4_2_0\install\include\opencv2\core\cuda.inl.hpp(395): warning C4793: 'cv::cuda::HostMem::HostMem': function compiled as native:
  	Found an intrinsic not supported in managed code
c:\libraries\opencv\4_2_0\install\include\opencv2\core\mat.inl.hpp(530): warning C4793: 'cv::Mat::Mat': function compiled as native:
  	Found an intrinsic not supported in managed code
c:\libraries\opencv\4_2_0\install\include\opencv2\core\mat.inl.hpp(850): warning C4793: 'cv::Mat::release': function compiled as native:
  	Found an intrinsic not supported in managed code
c:\libraries\opencv\4_2_0\install\include\opencv2\core\mat.inl.hpp(2181): warning C4793: 'cv::SparseMat::addref': function compiled as native:
  	Found an intrinsic not supported in managed code
c:\libraries\opencv\4_2_0\install\include\opencv2\core\mat.inl.hpp(3781): warning C4793: 'cv::UMat::addref': function compiled as native:
  	Found an intrinsic not supported in managed code
c:\libraries\opencv\4_2_0\install\include\opencv2\core\cuda.inl.hpp(105): warning C4793: 'cv::cuda::GpuMat::GpuMat': function compiled as native:
  	Found an intrinsic not supported in managed code
c:\libraries\opencv\4_2_0\install\include\opencv2\core\cuda.inl.hpp(395): warning C4793: 'cv::cuda::HostMem::HostMem': function compiled as native:
  	Found an intrinsic not supported in managed code
c:\libraries\opencv\4_2_0\install\include\opencv2\core\mat.inl.hpp(530): warning C4793: 'cv::Mat::Mat': function compiled as native:
  	Found an intrinsic not supported in managed code
c:\libraries\opencv\4_2_0\install\include\opencv2\core\mat.inl.hpp(850): warning C4793: 'cv::Mat::release': function compiled as native:
  	Found an intrinsic not supported in managed code
c:\libraries\opencv\4_2_0\install\include\opencv2\core\mat.inl.hpp(2181): warning C4793: 'cv::SparseMat::addref': function compiled as native:
  	Found an intrinsic not supported in managed code
c:\libraries\opencv\4_2_0\install\include\opencv2\core\mat.inl.hpp(3781): warning C4793: 'cv::UMat::addref': function compiled as native:
  	Found an intrinsic not supported in managed code
c:\libraries\opencv\4_2_0\install\include\opencv2\core\cuda.inl.hpp(105): warning C4793: 'cv::cuda::GpuMat::GpuMat': function compiled as native:
  	Found an intrinsic not supported in managed code
c:\libraries\opencv\4_2_0\install\include\opencv2\core\cuda.inl.hpp(395): warning C4793: 'cv::cuda::HostMem::HostMem': function compiled as native:
  	Found an intrinsic not supported in managed code
c:\libraries\opencv\4_2_0\install\include\opencv2\core\mat.inl.hpp(530): warning C4793: 'cv::Mat::Mat': function compiled as native:
  	Found an intrinsic not supported in managed code
c:\libraries\opencv\4_2_0\install\include\opencv2\core\mat.inl.hpp(850): warning C4793: 'cv::Mat::release': function compiled as native:
  	Found an intrinsic not supported in managed code
c:\libraries\opencv\4_2_0\install\include\opencv2\core\mat.inl.hpp(2181): warning C4793: 'cv::SparseMat::addref': function compiled as native:
  	Found an intrinsic not supported in managed code
c:\libraries\opencv\4_2_0\install\include\opencv2\core\mat.inl.hpp(3781): warning C4793: 'cv::UMat::addref': function compiled as native:
  	Found an intrinsic not supported in managed code
c:\libraries\opencv\4_2_0\install\include\opencv2\core\cuda.inl.hpp(105): warning C4793: 'cv::cuda::GpuMat::GpuMat': function compiled as native:
  	Found an intrinsic not supported in managed code
c:\libraries\opencv\4_2_0\install\include\opencv2\core\cuda.inl.hpp(395): warning C4793: 'cv::cuda::HostMem::HostMem': function compiled as native:
  	Found an intrinsic not supported in managed code
c:\libraries\opencv\4_2_0\install\include\opencv2\core\mat.inl.hpp(530): warning C4793: 'cv::Mat::Mat': function compiled as native:
  	Found an intrinsic not supported in managed code
c:\libraries\opencv\4_2_0\install\include\opencv2\core\mat.inl.hpp(850): warning C4793: 'cv::Mat::release': function compiled as native:
  	Found an intrinsic not supported in managed code
c:\libraries\opencv\4_2_0\install\include\opencv2\core\mat.inl.hpp(2181): warning C4793: 'cv::SparseMat::addref': function compiled as native:
  	Found an intrinsic not supported in managed code
c:\libraries\opencv\4_2_0\install\include\opencv2\core\mat.inl.hpp(3781): warning C4793: 'cv::UMat::addref': function compiled as native:
  	Found an intrinsic not supported in managed code
c:\libraries\opencv\4_2_0\install\include\opencv2\core\cuda.inl.hpp(105): warning C4793: 'cv::cuda::GpuMat::GpuMat': function compiled as native:
  	Found an intrinsic not supported in managed code
c:\libraries\opencv\4_2_0\install\include\opencv2\core\cuda.inl.hpp(395): warning C4793: 'cv::cuda::HostMem::HostMem': function compiled as native:
  	Found an intrinsic not supported in managed code
c:\libraries\opencv\4_2_0\install\include\opencv2\core\mat.inl.hpp(530): warning C4793: 'cv::Mat::Mat': function compiled as native:
  	Found an intrinsic not supported in managed code
c:\libraries\opencv\4_2_0\install\include\opencv2\core\mat.inl.hpp(850): warning C4793: 'cv::Mat::release': function compiled as native:
  	Found an intrinsic not supported in managed code
c:\libraries\opencv\4_2_0\install\include\opencv2\core\mat.inl.hpp(2181): warning C4793: 'cv::SparseMat::addref': function compiled as native:
  	Found an intrinsic not supported in managed code
c:\libraries\opencv\4_2_0\install\include\opencv2\core\mat.inl.hpp(3781): warning C4793: 'cv::UMat::addref': function compiled as native:
  	Found an intrinsic not supported in managed code
c:\libraries\opencv\4_2_0\install\include\opencv2\core\cuda.inl.hpp(105): warning C4793: 'cv::cuda::GpuMat::GpuMat': function compiled as native:
  	Found an intrinsic not supported in managed code
c:\libraries\opencv\4_2_0\install\include\opencv2\core\cuda.inl.hpp(395): warning C4793: 'cv::cuda::HostMem::HostMem': function compiled as native:
  	Found an intrinsic not supported in managed code
c:\libraries\opencv\4_2_0\install\include\opencv2\core\mat.inl.hpp(530): warning C4793: 'cv::Mat::Mat': function compiled as native:
  	Found an intrinsic not supported in managed code
c:\libraries\opencv\4_2_0\install\include\opencv2\core\mat.inl.hpp(850): warning C4793: 'cv::Mat::release': function compiled as native:
  	Found an intrinsic not supported in managed code
c:\libraries\opencv\4_2_0\install\include\opencv2\core\mat.inl.hpp(2181): warning C4793: 'cv::SparseMat::addref': function compiled as native:
  	Found an intrinsic not supported in managed code
c:\libraries\opencv\4_2_0\install\include\opencv2\core\mat.inl.hpp(3781): warning C4793: 'cv::UMat::addref': function compiled as native:
  	Found an intrinsic not supported in managed code
c:\libraries\opencv\4_2_0\install\include\opencv2\core\cuda.inl.hpp(105): warning C4793: 'cv::cuda::GpuMat::GpuMat': function compiled as native:
  	Found an intrinsic not supported in managed code
c:\libraries\opencv\4_2_0\install\include\opencv2\core\cuda.inl.hpp(395): warning C4793: 'cv::cuda::HostMem::HostMem': function compiled as native:
  	Found an intrinsic not supported in managed code
c:\libraries\opencv\4_2_0\install\include\opencv2\core\mat.inl.hpp(530): warning C4793: 'cv::Mat::Mat': function compiled as native:
  	Found an intrinsic not supported in managed code
c:\libraries\opencv\4_2_0\install\include\opencv2\core\mat.inl.hpp(850): warning C4793: 'cv::Mat::release': function compiled as native:
  	Found an intrinsic not supported in managed code
c:\libraries\opencv\4_2_0\install\include\opencv2\core\mat.inl.hpp(2181): warning C4793: 'cv::SparseMat::addref': function compiled as native:
  	Found an intrinsic not supported in managed code
c:\libraries\opencv\4_2_0\install\include\opencv2\core\mat.inl.hpp(3781): warning C4793: 'cv::UMat::addref': function compiled as native:
  	Found an intrinsic not supported in managed code
c:\libraries\opencv\4_2_0\install\include\opencv2\core\cuda.inl.hpp(105): warning C4793: 'cv::cuda::GpuMat::GpuMat': function compiled as native:
  	Found an intrinsic not supported in managed code
c:\libraries\opencv\4_2_0\install\include\opencv2\core\cuda.inl.hpp(395): warning C4793: 'cv::cuda::HostMem::HostMem': function compiled as native:
  	Found an intrinsic not supported in managed code
c:\libraries\opencv\4_2_0\install\include\opencv2\core\mat.inl.hpp(530): warning C4793: 'cv::Mat::Mat': function compiled as native:
  	Found an intrinsic not supported in managed code
c:\libraries\opencv\4_2_0\install\include\opencv2\core\mat.inl.hpp(850): warning C4793: 'cv::Mat::release': function compiled as native:
  	Found an intrinsic not supported in managed code
c:\libraries\opencv\4_2_0\install\include\opencv2\core\mat.inl.hpp(2181): warning C4793: 'cv::SparseMat::addref': function compiled as native:
  	Found an intrinsic not supported in managed code
c:\libraries\opencv\4_2_0\install\include\opencv2\core\mat.inl.hpp(3781): warning C4793: 'cv::UMat::addref': function compiled as native:
  	Found an intrinsic not supported in managed code
  Camera_unmanaged.cpp
d:\projekte\visualstudio\flugbahnberechnung\flugbahnberechnung\camera_unmanaged.cpp(626): warning C4101: 'right_img': unreferenced local variable
d:\projekte\visualstudio\flugbahnberechnung\flugbahnberechnung\camera_unmanaged.cpp(626): warning C4101: 'left_img': unreferenced local variable
d:\projekte\visualstudio\flugbahnberechnung\flugbahnberechnung\camera_unmanaged.cpp(757): warning C4552: '+': result of expression not used
c:\program files (x86)\microsoft visual studio\2017\enterprise\vc\tools\msvc\14.16.27023\include\xmemory0(881): warning C4244: 'argument': conversion from '_Ty' to '_Tp', possible loss of data
          with
          [
              _Ty=int
          ]
          and
          [
              _Tp=float
          ]
  c:\program files (x86)\microsoft visual studio\2017\enterprise\vc\tools\msvc\14.16.27023\include\vector(902): note: see reference to function template instantiation 'void std::_Default_allocator_traits<_Alloc>::construct<_Ty,float,float,int>(_Alloc &,_Objty *const ,float &&,float &&,int &&)' being compiled
          with
          [
              _Alloc=std::allocator<cv::Point3f>,
              _Ty=cv::Point3_<float>,
              _Objty=cv::Point3_<float>
          ]
  c:\program files (x86)\microsoft visual studio\2017\enterprise\vc\tools\msvc\14.16.27023\include\vector(902): note: see reference to function template instantiation 'void std::_Default_allocator_traits<_Alloc>::construct<_Ty,float,float,int>(_Alloc &,_Objty *const ,float &&,float &&,int &&)' being compiled
          with
          [
              _Alloc=std::allocator<cv::Point3f>,
              _Ty=cv::Point3_<float>,
              _Objty=cv::Point3_<float>
          ]
  c:\program files (x86)\microsoft visual studio\2017\enterprise\vc\tools\msvc\14.16.27023\include\vector(919): note: see reference to function template instantiation 'void std::vector<cv::Point3f,std::allocator<_Ty>>::_Emplace_back_with_unused_capacity<float,float,int>(float &&,float &&,int &&)' being compiled
          with
          [
              _Ty=cv::Point3f
          ]
  d:\projekte\visualstudio\flugbahnberechnung\flugbahnberechnung\camera_unmanaged.cpp(669): note: see reference to function template instantiation 'void std::vector<cv::Point3f,std::allocator<_Ty>>::emplace_back<float,float,int>(float &&,float &&,int &&)' being compiled
          with
          [
              _Ty=cv::Point3f
          ]
c:\program files (x86)\microsoft visual studio\2017\enterprise\vc\tools\msvc\14.16.27023\include\xmemory0(881): warning C4244: 'argument': conversion from '_Ty' to '_Tp', possible loss of data
          with
          [
              _Ty=double
          ]
          and
          [
              _Tp=float
          ]
  c:\program files (x86)\microsoft visual studio\2017\enterprise\vc\tools\msvc\14.16.27023\include\vector(902): note: see reference to function template instantiation 'void std::_Default_allocator_traits<_Alloc>::construct<_Ty,double,double>(_Alloc &,_Objty *const ,double &&,double &&)' being compiled
          with
          [
              _Alloc=std::allocator<cv::Point2f>,
              _Ty=cv::Point_<float>,
              _Objty=cv::Point_<float>
          ]
  c:\program files (x86)\microsoft visual studio\2017\enterprise\vc\tools\msvc\14.16.27023\include\vector(902): note: see reference to function template instantiation 'void std::_Default_allocator_traits<_Alloc>::construct<_Ty,double,double>(_Alloc &,_Objty *const ,double &&,double &&)' being compiled
          with
          [
              _Alloc=std::allocator<cv::Point2f>,
              _Ty=cv::Point_<float>,
              _Objty=cv::Point_<float>
          ]
  c:\program files (x86)\microsoft visual studio\2017\enterprise\vc\tools\msvc\14.16.27023\include\vector(919): note: see reference to function template instantiation 'void std::vector<cv::Point2f,std::allocator<_Ty>>::_Emplace_back_with_unused_capacity<double,double>(double &&,double &&)' being compiled
          with
          [
              _Ty=cv::Point2f
          ]
  d:\projekte\visualstudio\flugbahnberechnung\flugbahnberechnung\camera_unmanaged.cpp(687): note: see reference to function template instantiation 'void std::vector<cv::Point2f,std::allocator<_Ty>>::emplace_back<double,double>(double &&,double &&)' being compiled
          with
          [
              _Ty=cv::Point2f
          ]
  opencv_unmanaged.cpp
  Generating Code...
  App_Main.obj : MSIL module encountered; incremental linking is disabled for MSIL; performing full link
  Flugbahnberechnung.vcxproj -> D:\Projekte\VisualStudio\Flugbahnberechnung\x64\Debug\ObjectTracking.exe
