c:\users\111162002.edu\documents\projekte\objecttracking\flugbahnberechnung\x64\debug\vc141.pdb
c:\users\111162002.edu\documents\projekte\objecttracking\flugbahnberechnung\x64\debug\globalobjects.obj
c:\users\111162002.edu\documents\projekte\objecttracking\flugbahnberechnung\x64\debug\frm_camera_positioning.obj
c:\users\111162002.edu\documents\projekte\objecttracking\flugbahnberechnung\x64\debug\frm_objectcalibration.obj
c:\users\111162002.edu\documents\projekte\objecttracking\flugbahnberechnung\x64\debug\frm_main.obj
c:\users\111162002.edu\documents\projekte\objecttracking\flugbahnberechnung\x64\debug\frm_cameracalibration_stereo.obj
c:\users\111162002.edu\documents\projekte\objecttracking\flugbahnberechnung\x64\debug\frm_cameracalibration_single.obj
c:\users\111162002.edu\documents\projekte\objecttracking\flugbahnberechnung\x64\debug\frm_cameracalibration_menu.obj
c:\users\111162002.edu\documents\projekte\objecttracking\flugbahnberechnung\x64\debug\main.obj
c:\users\111162002.edu\documents\projekte\objecttracking\flugbahnberechnung\x64\debug\camera_managed.obj
c:\users\111162002.edu\documents\projekte\objecttracking\flugbahnberechnung\x64\debug\app_main.obj
c:\users\111162002.edu\documents\projekte\objecttracking\flugbahnberechnung\x64\debug\.netframework,version=v4.7.assemblyattributes.obj
c:\users\111162002.edu\documents\projekte\objecttracking\flugbahnberechnung\x64\debug\.netframework,version=v4.7.assemblyattributes.asm
c:\users\111162002.edu\documents\projekte\objecttracking\flugbahnberechnung\x64\debug\opencv_unmanaged.obj
c:\users\111162002.edu\documents\projekte\objecttracking\flugbahnberechnung\x64\debug\camera_unmanaged.obj
c:\users\111162002.edu\documents\projekte\objecttracking\flugbahnberechnung\x64\debug\flugbahnberechnung.frm_cameracalibration_menu.resources
c:\users\111162002.edu\documents\projekte\objecttracking\flugbahnberechnung\x64\debug\flugbahnberechnung.frm_cameracalibration_single.resources
c:\users\111162002.edu\documents\projekte\objecttracking\flugbahnberechnung\x64\debug\flugbahnberechnung.frm_camera_positioning.resources
c:\users\111162002.edu\documents\projekte\objecttracking\flugbahnberechnung\x64\debug\flugbahnberechnung.frm_main.resources
c:\users\111162002.edu\documents\projekte\objecttracking\flugbahnberechnung\x64\debug\flugbahnberechnung.frm_objectcalibration.resources
c:\users\111162002.edu\documents\projekte\objecttracking\x64\debug\flugbahntracker.exe
c:\users\111162002.edu\documents\projekte\objecttracking\x64\debug\flugbahntracker.pdb
c:\users\111162002.edu\documents\projekte\objecttracking\flugbahnberechnung\x64\debug\flugbahnberechnung.vcxproj.generateresource.cache
c:\users\111162002.edu\documents\projekte\objecttracking\flugbahnberechnung\x64\debug\flugbahnberechnung.vcxprojassemblyreference.cache
c:\users\111162002.edu\documents\projekte\objecttracking\flugbahnberechnung\x64\debug\opencv_managed.obj
c:\users\111162002.edu\documents\projekte\objecttracking\flugbahnberechnung\x64\debug\flugbahntracker.tlog\cl.command.1.tlog
c:\users\111162002.edu\documents\projekte\objecttracking\flugbahnberechnung\x64\debug\flugbahntracker.tlog\cl.read.1.tlog
c:\users\111162002.edu\documents\projekte\objecttracking\flugbahnberechnung\x64\debug\flugbahntracker.tlog\cl.write.1.tlog
c:\users\111162002.edu\documents\projekte\objecttracking\flugbahnberechnung\x64\debug\flugbahntracker.tlog\flugbahntracker.write.1u.tlog
c:\users\111162002.edu\documents\projekte\objecttracking\flugbahnberechnung\x64\debug\flugbahntracker.tlog\link.command.1.tlog
c:\users\111162002.edu\documents\projekte\objecttracking\flugbahnberechnung\x64\debug\flugbahntracker.tlog\link.read.1.tlog
c:\users\111162002.edu\documents\projekte\objecttracking\flugbahnberechnung\x64\debug\flugbahntracker.tlog\link.write.1.tlog
c:\users\111162002.edu\documents\projekte\objecttracking\flugbahnberechnung\x64\debug\flugbahntracker.tlog\metagen.read.1.tlog
c:\users\111162002.edu\documents\projekte\objecttracking\flugbahnberechnung\x64\debug\flugbahntracker.tlog\metagen.write.1.tlog
