d:\projekte\visualstudio\flugbahnberechnung\flugbahnberechnung\flugbahnberechnung\x64\debug\vc141.pdb
d:\projekte\visualstudio\flugbahnberechnung\flugbahnberechnung\flugbahnberechnung\x64\debug\main.obj
d:\projekte\visualstudio\flugbahnberechnung\flugbahnberechnung\flugbahnberechnung\x64\debug\globalobjects.obj
d:\projekte\visualstudio\flugbahnberechnung\flugbahnberechnung\flugbahnberechnung\x64\debug\frm_main.obj
d:\projekte\visualstudio\flugbahnberechnung\flugbahnberechnung\flugbahnberechnung\x64\debug\camera_managed.obj
d:\projekte\visualstudio\flugbahnberechnung\flugbahnberechnung\flugbahnberechnung\x64\debug\frm_objectcalibration.obj
d:\projekte\visualstudio\flugbahnberechnung\flugbahnberechnung\flugbahnberechnung\x64\debug\frm_camera_positioning.obj
d:\projekte\visualstudio\flugbahnberechnung\flugbahnberechnung\flugbahnberechnung\x64\debug\frm_cameracalibration_stereo.obj
d:\projekte\visualstudio\flugbahnberechnung\flugbahnberechnung\flugbahnberechnung\x64\debug\frm_cameracalibration_single.obj
d:\projekte\visualstudio\flugbahnberechnung\flugbahnberechnung\flugbahnberechnung\x64\debug\frm_cameracalibration_menu.obj
d:\projekte\visualstudio\flugbahnberechnung\flugbahnberechnung\flugbahnberechnung\x64\debug\csv_datei.obj
d:\projekte\visualstudio\flugbahnberechnung\flugbahnberechnung\flugbahnberechnung\x64\debug\app_main.obj
d:\projekte\visualstudio\flugbahnberechnung\flugbahnberechnung\flugbahnberechnung\x64\debug\opencv_unmanaged.obj
d:\projekte\visualstudio\flugbahnberechnung\flugbahnberechnung\flugbahnberechnung\x64\debug\camera_unmanaged.obj
d:\projekte\visualstudio\flugbahnberechnung\flugbahnberechnung\flugbahnberechnung\x64\debug\.netframework,version=v4.7.assemblyattributes.obj
d:\projekte\visualstudio\flugbahnberechnung\flugbahnberechnung\flugbahnberechnung\x64\debug\.netframework,version=v4.7.assemblyattributes.asm
d:\projekte\visualstudio\flugbahnberechnung\flugbahnberechnung\x64\debug\objecttracking.exe
d:\projekte\visualstudio\flugbahnberechnung\flugbahnberechnung\x64\debug\objecttracking.pdb
d:\projekte\visualstudio\flugbahnberechnung\flugbahnberechnung\flugbahnberechnung\x64\debug\flugbahnberechnung.frm_cameracalibration_menu.resources
d:\projekte\visualstudio\flugbahnberechnung\flugbahnberechnung\flugbahnberechnung\x64\debug\flugbahnberechnung.frm_cameracalibration_single.resources
d:\projekte\visualstudio\flugbahnberechnung\flugbahnberechnung\flugbahnberechnung\x64\debug\flugbahnberechnung.frm_camera_positioning.resources
d:\projekte\visualstudio\flugbahnberechnung\flugbahnberechnung\flugbahnberechnung\x64\debug\flugbahnberechnung.frm_main.resources
d:\projekte\visualstudio\flugbahnberechnung\flugbahnberechnung\flugbahnberechnung\x64\debug\flugbahnberechnung.frm_objectcalibration.resources
d:\projekte\visualstudio\flugbahnberechnung\flugbahnberechnung\flugbahnberechnung\x64\debug\flugbahnberechnung.vcxproj.generateresource.cache
d:\projekte\visualstudio\flugbahnberechnung\flugbahnberechnung\flugbahnberechnung\x64\debug\inrange.cu.cache
d:\projekte\visualstudio\flugbahnberechnung\flugbahnberechnung\flugbahnberechnung\x64\debug\inrange.cuh.cache
d:\projekte\visualstudio\flugbahnberechnung\flugbahnberechnung\flugbahnberechnung\x64\debug\inrange.cu.obj
d:\projekte\visualstudio\flugbahnberechnung\flugbahnberechnung\flugbahnberechnung\x64\debug\inrange.cuh.obj
d:\projekte\visualstudio\flugbahnberechnung\flugbahnberechnung\flugbahnberechnung\x64\debug\objecttracking.tlog\cl.command.1.tlog
d:\projekte\visualstudio\flugbahnberechnung\flugbahnberechnung\flugbahnberechnung\x64\debug\objecttracking.tlog\cl.read.1.tlog
d:\projekte\visualstudio\flugbahnberechnung\flugbahnberechnung\flugbahnberechnung\x64\debug\objecttracking.tlog\cl.write.1.tlog
d:\projekte\visualstudio\flugbahnberechnung\flugbahnberechnung\flugbahnberechnung\x64\debug\objecttracking.tlog\cudacompile.read.1u.tlog
d:\projekte\visualstudio\flugbahnberechnung\flugbahnberechnung\flugbahnberechnung\x64\debug\objecttracking.tlog\cudacompile.write.1u.tlog
d:\projekte\visualstudio\flugbahnberechnung\flugbahnberechnung\flugbahnberechnung\x64\debug\objecttracking.tlog\link.command.1.tlog
d:\projekte\visualstudio\flugbahnberechnung\flugbahnberechnung\flugbahnberechnung\x64\debug\objecttracking.tlog\link.read.1.tlog
d:\projekte\visualstudio\flugbahnberechnung\flugbahnberechnung\flugbahnberechnung\x64\debug\objecttracking.tlog\link.write.1.tlog
d:\projekte\visualstudio\flugbahnberechnung\flugbahnberechnung\flugbahnberechnung\x64\debug\objecttracking.tlog\metagen.read.1.tlog
d:\projekte\visualstudio\flugbahnberechnung\flugbahnberechnung\flugbahnberechnung\x64\debug\objecttracking.tlog\metagen.write.1.tlog
d:\projekte\visualstudio\flugbahnberechnung\flugbahnberechnung\flugbahnberechnung\x64\debug\objecttracking.tlog\objecttracking.write.1u.tlog
